<?xml version="1.0" encoding="UTF-8"?>
<!-- Generated by org.testng.reporters.JUnitReportReporter -->
<testsuite hostname="ARIF" failures="0" tests="3" name="testCases.TC03_SearchTest" time="3.987" errors="0" timestamp="2025-01-25T22:49:48 IST" skipped="0">
  <testcase classname="testCases.TC03_SearchTest" name="testSearchFunctionality" time="1.403"/>
  <system-out/>
  <testcase classname="testCases.TC03_SearchTest" name="testSearchFunctionality" time="1.326"/>
  <system-out/>
  <testcase classname="testCases.TC03_SearchTest" name="testSearchFunctionality" time="1.258"/>
  <system-out/>
</testsuite> <!-- testCases.TC03_SearchTest -->
