<?xml version="1.0" encoding="UTF-8"?>
<!-- Generated by org.testng.reporters.JUnitReportReporter -->
<testsuite hostname="ARIF" failures="0" tests="1" name="testCases.TC05_BrokenLink" time="11.549" errors="0" timestamp="2025-01-25T22:49:48 IST" skipped="0">
  <testcase classname="testCases.TC05_BrokenLink" name="validateBrokenLinks" time="11.549"/>
  <system-out/>
</testsuite> <!-- testCases.TC05_BrokenLink -->
