<?xml version="1.0" encoding="UTF-8"?>
<!-- Generated by org.testng.reporters.JUnitReportReporter -->
<testsuite hostname="ARIF" failures="0" tests="5" name="testCases.TC041_LoginDDT" time="74.463" errors="0" timestamp="2025-01-26T09:52:06 IST" skipped="0">
  <testcase classname="testCases.TC041_LoginDDT" name="Verify_LoginDDT" time="22.547"/>
  <system-out/>
  <testcase classname="testCases.TC041_LoginDDT" name="Verify_LoginDDT" time="3.737"/>
  <system-out/>
  <testcase classname="testCases.TC041_LoginDDT" name="Verify_LoginDDT" time="22.360"/>
  <system-out/>
  <testcase classname="testCases.TC041_LoginDDT" name="Verify_LoginDDT" time="3.612"/>
  <system-out/>
  <testcase classname="testCases.TC041_LoginDDT" name="Verify_LoginDDT" time="22.207"/>
  <system-out/>
</testsuite> <!-- testCases.TC041_LoginDDT -->
