<?xml version="1.0" encoding="UTF-8"?>
<!-- Generated by org.testng.reporters.JUnitReportReporter -->
<testsuite hostname="Ranjeet-MacBook-Pro.local" failures="0" tests="1" name="testCases.TC02_LoginTest" time="3.855" errors="0" timestamp="2025-01-24T20:39:38 IST" skipped="0">
  <testcase classname="testCases.TC02_LoginTest" name="vrify_Login" time="3.855"/>
</testsuite> <!-- testCases.TC02_LoginTest -->
